[0818/135454.800:ERROR:process_reader_win.cc(123)] NtOpenThread: {Access Denied} A process has requested access to an object, but has not been granted those access rights. (0xc0000022)
[0818/135454.909:ERROR:exception_snapshot_win.cc(98)] thread ID 134120 not found in process
[0821/140106.988:ERROR:process_memory_win.cc(73)] ReadMemory at 0x7ff60a5c0000 of 64 bytes failed: Only part of a ReadProcessMemory or WriteProcessMemory request was completed. (0x12B)
[0821/140107.278:WARNING:pe_image_reader.cc(340)] could not read dos header from C:\Program Files (x86)\Google\Chrome\Application\chrome.exe
[0821/140107.279:ERROR:process_memory_win.cc(73)] ReadMemory at 0x7ffb245c0000 of 64 bytes failed: Only part of a ReadProcessMemory or WriteProcessMemory request was completed. (0x12B)
[0821/140107.280:WARNING:pe_image_reader.cc(340)] could not read dos header from C:\WINDOWS\SYSTEM32\ntdll.dll
[0821/140107.280:ERROR:process_memory_win.cc(73)] ReadMemory at 0x7ffb23360000 of 64 bytes failed: Only part of a ReadProcessMemory or WriteProcessMemory request was completed. (0x12B)
[0821/140107.280:WARNING:pe_image_reader.cc(340)] could not read dos header from C:\WINDOWS\System32\KERNEL32.DLL
[0821/140107.281:ERROR:process_memory_win.cc(73)] ReadMemory at 0x7ffb21890000 of 64 bytes failed: Only part of a ReadProcessMemory or WriteProcessMemory request was completed. (0x12B)
[0821/140107.281:WARNING:pe_image_reader.cc(340)] could not read dos header from C:\WINDOWS\System32\KERNELBASE.dll
[0821/140107.281:ERROR:process_memory_win.cc(73)] ReadMemory at 0x7ffafafe0000 of 64 bytes failed: Only part of a ReadProcessMemory or WriteProcessMemory request was completed. (0x12B)
[0821/140107.281:WARNING:pe_image_reader.cc(340)] could not read dos header from C:\Program Files (x86)\Google\Chrome\Application\84.0.4147.125\chrome_elf.dll
[0821/140107.281:ERROR:process_memory_win.cc(73)] ReadMemory at 0x7ffb15db0000 of 64 bytes failed: Only part of a ReadProcessMemory or WriteProcessMemory request was completed. (0x12B)
[0821/140107.281:WARNING:pe_image_reader.cc(340)] could not read dos header from C:\WINDOWS\SYSTEM32\VERSION.dll
[0821/140107.281:ERROR:process_memory_win.cc(73)] ReadMemory at 0x7ffb23f80000 of 64 bytes failed: Only part of a ReadProcessMemory or WriteProcessMemory request was completed. (0x12B)
[0821/140107.281:WARNING:pe_image_reader.cc(340)] could not read dos header from C:\WINDOWS\System32\msvcrt.dll
[0821/140107.281:ERROR:process_memory_win.cc(73)] ReadMemory at 0x7ffb22420000 of 64 bytes failed: Only part of a ReadProcessMemory or WriteProcessMemory request was completed. (0x12B)
[0821/140107.281:WARNING:pe_image_reader.cc(340)] could not read dos header from C:\WINDOWS\System32\bcryptPrimitives.dll
[0821/140107.281:ERROR:process_memory_win.cc(73)] ReadMemory at 0x7ffb24400000 of 64 bytes failed: Only part of a ReadProcessMemory or WriteProcessMemory request was completed. (0x12B)
[0821/140107.282:WARNING:pe_image_reader.cc(340)] could not read dos header from C:\WINDOWS\System32\ADVAPI32.dll
[0821/140107.282:ERROR:process_memory_win.cc(73)] ReadMemory at 0x7ffb24360000 of 64 bytes failed: Only part of a ReadProcessMemory or WriteProcessMemory request was completed. (0x12B)
[0821/140107.282:WARNING:pe_image_reader.cc(340)] could not read dos header from C:\WINDOWS\System32\sechost.dll
[0821/140107.282:ERROR:process_memory_win.cc(73)] ReadMemory at 0x7ffb22aa0000 of 64 bytes failed: Only part of a ReadProcessMemory or WriteProcessMemory request was completed. (0x12B)
[0821/140107.282:WARNING:pe_image_reader.cc(340)] could not read dos header from C:\WINDOWS\System32\RPCRT4.dll
[0821/140107.282:ERROR:process_memory_win.cc(73)] ReadMemory at 0x7ffadc830000 of 64 bytes failed: Only part of a ReadProcessMemory or WriteProcessMemory request was completed. (0x12B)
[0821/140107.282:WARNING:pe_image_reader.cc(340)] could not read dos header from C:\Program Files (x86)\Google\Chrome\Application\84.0.4147.125\chrome.dll
[0821/140107.283:ERROR:process_memory_win.cc(73)] ReadMemory at 0x7ffb235f0000 of 64 bytes failed: Only part of a ReadProcessMemory or WriteProcessMemory request was completed. (0x12B)
[0821/140107.283:WARNING:pe_image_reader.cc(340)] could not read dos header from C:\WINDOWS\System32\WS2_32.dll
[0821/140107.283:ERROR:process_memory_win.cc(73)] ReadMemory at 0x7ffb244b0000 of 64 bytes failed: Only part of a ReadProcessMemory or WriteProcessMemory request was completed. (0x12B)
[0821/140107.283:WARNING:pe_image_reader.cc(340)] could not read dos header from C:\WINDOWS\System32\OLEAUT32.dll
[0821/140107.283:ERROR:process_memory_win.cc(73)] ReadMemory at 0x7ffb217f0000 of 64 bytes failed: Only part of a ReadProcessMemory or WriteProcessMemory request was completed. (0x12B)
[0821/140107.283:WARNING:pe_image_reader.cc(340)] could not read dos header from C:\WINDOWS\System32\msvcp_win.dll
[0821/140107.283:ERROR:process_memory_win.cc(73)] ReadMemory at 0x7ffb216f0000 of 64 bytes failed: Only part of a ReadProcessMemory or WriteProcessMemory request was completed. (0x12B)
[0821/140107.283:WARNING:pe_image_reader.cc(340)] could not read dos header from C:\WINDOWS\System32\ucrtbase.dll
[0821/140107.283:ERROR:process_memory_win.cc(73)] ReadMemory at 0x7ffb24020000 of 64 bytes failed: Only part of a ReadProcessMemory or WriteProcessMemory request was completed. (0x12B)
[0821/140107.283:WARNING:pe_image_reader.cc(340)] could not read dos header from C:\WINDOWS\System32\combase.dll
[0821/140107.283:ERROR:process_memory_win.cc(73)] ReadMemory at 0x7ffb22310000 of 64 bytes failed: Only part of a ReadProcessMemory or WriteProcessMemory request was completed. (0x12B)
[0821/140107.283:WARNING:pe_image_reader.cc(340)] could not read dos header from C:\WINDOWS\System32\WINTRUST.dll
[0821/140107.283:ERROR:process_memory_win.cc(73)] ReadMemory at 0x7ffb214a0000 of 64 bytes failed: Only part of a ReadProcessMemory or WriteProcessMemory request was completed. (0x12B)
[0821/140107.283:WARNING:pe_image_reader.cc(340)] could not read dos header from C:\WINDOWS\System32\MSASN1.dll
[0821/140107.284:ERROR:process_memory_win.cc(73)] ReadMemory at 0x7ffb22520000 of 64 bytes failed: Only part of a ReadProcessMemory or WriteProcessMemory request was completed. (0x12B)
[0821/140107.284:WARNING:pe_image_reader.cc(340)] could not read dos header from C:\WINDOWS\System32\CRYPT32.dll
[0821/140107.284:ERROR:process_memory_win.cc(73)] ReadMemory at 0x7ffb20a10000 of 64 bytes failed: Only part of a ReadProcessMemory or WriteProcessMemory request was completed. (0x12B)
[0821/140107.284:WARNING:pe_image_reader.cc(340)] could not read dos header from C:\WINDOWS\SYSTEM32\IPHLPAPI.DLL
[0821/140107.284:ERROR:process_memory_win.cc(73)] ReadMemory at 0x7ffb1ed60000 of 64 bytes failed: Only part of a ReadProcessMemory or WriteProcessMemory request was completed. (0x12B)
[0821/140107.284:WARNING:pe_image_reader.cc(340)] could not read dos header from C:\WINDOWS\SYSTEM32\WINMM.dll
[0821/140107.284:ERROR:process_memory_win.cc(73)] ReadMemory at 0x7ffb062e0000 of 64 bytes failed: Only part of a ReadProcessMemory or WriteProcessMemory request was completed. (0x12B)
[0821/140107.284:WARNING:pe_image_reader.cc(340)] could not read dos header from C:\WINDOWS\SYSTEM32\Secur32.dll
[0821/140107.284:ERROR:process_memory_win.cc(73)] ReadMemory at 0x7ffb213b0000 of 64 bytes failed: Only part of a ReadProcessMemory or WriteProcessMemory request was completed. (0x12B)
[0821/140107.284:WARNING:pe_image_reader.cc(340)] could not read dos header from C:\WINDOWS\SYSTEM32\USERENV.dll
[0821/140107.284:ERROR:process_memory_win.cc(73)] ReadMemory at 0x7ffb214e0000 of 64 bytes failed: Only part of a ReadProcessMemory or WriteProcessMemory request was completed. (0x12B)
[0821/140107.284:WARNING:pe_image_reader.cc(340)] could not read dos header from C:\WINDOWS\System32\profapi.dll
[0821/140107.284:ERROR:process_memory_win.cc(73)] ReadMemory at 0x7ffb040c0000 of 64 bytes failed: Only part of a ReadProcessMemory or WriteProcessMemory request was completed. (0x12B)
[0821/140107.284:WARNING:pe_image_reader.cc(340)] could not read dos header from C:\WINDOWS\SYSTEM32\UIAutomationCore.DLL
[0821/140107.284:ERROR:process_memory_win.cc(73)] ReadMemory at 0x7ffb101c0000 of 64 bytes failed: Only part of a ReadProcessMemory or WriteProcessMemory request was completed. (0x12B)
[0821/140107.284:WARNING:pe_image_reader.cc(340)] could not read dos header from C:\WINDOWS\SYSTEM32\DWrite.dll
[0821/140107.284:ERROR:process_memory_win.cc(73)] ReadMemory at 0x7ffb156c0000 of 64 bytes failed: Only part of a ReadProcessMemory or WriteProcessMemory request was completed. (0x12B)
[0821/140107.284:WARNING:pe_image_reader.cc(340)] could not read dos header from C:\WINDOWS\SYSTEM32\WINSPOOL.DRV
[0821/140107.284:ERROR:process_memory_win.cc(73)] ReadMemory at 0x7ffb214c0000 of 64 bytes failed: Only part of a ReadProcessMemory or WriteProcessMemory request was completed. (0x12B)
[0821/140107.284:WARNING:pe_image_reader.cc(340)] could not read dos header from C:\WINDOWS\System32\kernel.appcore.dll
[0821/140107.284:ERROR:process_memory_win.cc(73)] ReadMemory at 0x7ffb224a0000 of 64 bytes failed: Only part of a ReadProcessMemory or WriteProcessMemory request was completed. (0x12B)
[0821/140107.284:WARNING:pe_image_reader.cc(340)] could not read dos header from C:\WINDOWS\System32\bcrypt.dll
[0821/140107.285:ERROR:process_memory_win.cc(73)] ReadMemory at 0x7ffb1fd70000 of 64 bytes failed: Only part of a ReadProcessMemory or WriteProcessMemory request was completed. (0x12B)
[0821/140107.285:WARNING:pe_image_reader.cc(340)] could not read dos header from C:\WINDOWS\SYSTEM32\dbghelp.dll
[0821/140107.285:ERROR:process_memory_win.cc(73)] ReadMemory at 0x7ffb14b60000 of 64 bytes failed: Only part of a ReadProcessMemory or WriteProcessMemory request was completed. (0x12B)
[0821/140107.285:WARNING:pe_image_reader.cc(340)] could not read dos header from C:\WINDOWS\SYSTEM32\WINHTTP.dll
[0821/140107.285:ERROR:process_memory_win.cc(73)] ReadMemory at 0x7ffb17240000 of 64 bytes failed: Only part of a ReadProcessMemory or WriteProcessMemory request was completed. (0x12B)
[0821/140107.285:WARNING:pe_image_reader.cc(340)] could not read dos header from C:\WINDOWS\SYSTEM32\dhcpcsvc.DLL
[0821/140107.285:ERROR:process_memory_win.cc(73)] ReadMemory at 0x7ffb23b00000 of 64 bytes failed: Only part of a ReadProcessMemory or WriteProcessMemory request was completed. (0x12B)
[0821/140107.285:WARNING:pe_image_reader.cc(340)] could not read dos header from C:\WINDOWS\System32\NSI.dll
[0821/140107.285:ERROR:process_memory_win.cc(73)] ReadMemory at 0x7ffb1ed30000 of 64 bytes failed: Only part of a ReadProcessMemory or WriteProcessMemory request was completed. (0x12B)
[0821/140107.285:WARNING:pe_image_reader.cc(340)] could not read dos header from C:\WINDOWS\SYSTEM32\WINMMBASE.dll
[0821/140107.285:ERROR:process_memory_win.cc(73)] ReadMemory at 0x7ffb224d0000 of 64 bytes failed: Only part of a ReadProcessMemory or WriteProcessMemory request was completed. (0x12B)
[0821/140107.285:WARNING:pe_image_reader.cc(340)] could not read dos header from C:\WINDOWS\System32\cfgmgr32.dll
[0821/140107.285:ERROR:process_memory_win.cc(73)] ReadMemory at 0x7ffb1e710000 of 64 bytes failed: Only part of a ReadProcessMemory or WriteProcessMemory request was completed. (0x12B)
[0821/140107.285:WARNING:pe_image_reader.cc(340)] could not read dos header from C:\WINDOWS\SYSTEM32\PROPSYS.dll
[0821/140107.285:ERROR:process_memory_win.cc(73)] ReadMemory at 0x1e0cae00000 of 64 bytes failed: Only part of a ReadProcessMemory or WriteProcessMemory request was completed. (0x12B)
[0821/140107.285:WARNING:pe_image_reader.cc(340)] could not read dos header from C:\WINDOWS\System32\shcore.dll
[0821/140107.285:ERROR:process_memory_win.cc(73)] ReadMemory at 0x7ffb21380000 of 64 bytes failed: Only part of a ReadProcessMemory or WriteProcessMemory request was completed. (0x12B)
[0821/140107.285:WARNING:pe_image_reader.cc(340)] could not read dos header from C:\WINDOWS\SYSTEM32\SSPICLI.DLL
[0821/140107.285:ERROR:process_memory_win.cc(73)] ReadMemory at 0x7ffb20ed0000 of 64 bytes failed: Only part of a ReadProcessMemory or WriteProcessMemory request was completed. (0x12B)
[0821/140107.285:WARNING:pe_image_reader.cc(340)] could not read dos header from C:\WINDOWS\SYSTEM32\CRYPTBASE.DLL
[0821/140107.411:ERROR:process_memory_win.cc(73)] ReadMemory at 0x7ff60a5c0000 of 64 bytes failed: Only part of a ReadProcessMemory or WriteProcessMemory request was completed. (0x12B)
[0821/140107.411:WARNING:pe_image_reader.cc(340)] could not read dos header from C:\Program Files (x86)\Google\Chrome\Application\chrome.exe
[0821/140107.411:ERROR:process_memory_win.cc(73)] ReadMemory at 0x7ffb245c0000 of 64 bytes failed: Only part of a ReadProcessMemory or WriteProcessMemory request was completed. (0x12B)
[0821/140107.411:WARNING:pe_image_reader.cc(340)] could not read dos header from C:\WINDOWS\SYSTEM32\ntdll.dll
[0821/140107.411:ERROR:process_memory_win.cc(73)] ReadMemory at 0x7ffb23360000 of 64 bytes failed: Only part of a ReadProcessMemory or WriteProcessMemory request was completed. (0x12B)
[0821/140107.411:WARNING:pe_image_reader.cc(340)] could not read dos header from C:\WINDOWS\System32\KERNEL32.DLL
[0821/140107.411:ERROR:process_memory_win.cc(73)] ReadMemory at 0x7ffb21890000 of 64 bytes failed: Only part of a ReadProcessMemory or WriteProcessMemory request was completed. (0x12B)
[0821/140107.411:WARNING:pe_image_reader.cc(340)] could not read dos header from C:\WINDOWS\System32\KERNELBASE.dll
[0821/140107.411:ERROR:process_memory_win.cc(73)] ReadMemory at 0x7ffafafe0000 of 64 bytes failed: Only part of a ReadProcessMemory or WriteProcessMemory request was completed. (0x12B)
[0821/140107.411:WARNING:pe_image_reader.cc(340)] could not read dos header from C:\Program Files (x86)\Google\Chrome\Application\84.0.4147.125\chrome_elf.dll
[0821/140107.411:ERROR:process_memory_win.cc(73)] ReadMemory at 0x7ffb15db0000 of 64 bytes failed: Only part of a ReadProcessMemory or WriteProcessMemory request was completed. (0x12B)
[0821/140107.411:WARNING:pe_image_reader.cc(340)] could not read dos header from C:\WINDOWS\SYSTEM32\VERSION.dll
[0821/140107.411:ERROR:process_memory_win.cc(73)] ReadMemory at 0x7ffb23f80000 of 64 bytes failed: Only part of a ReadProcessMemory or WriteProcessMemory request was completed. (0x12B)
[0821/140107.411:WARNING:pe_image_reader.cc(340)] could not read dos header from C:\WINDOWS\System32\msvcrt.dll
[0821/140107.411:ERROR:process_memory_win.cc(73)] ReadMemory at 0x7ffb22420000 of 64 bytes failed: Only part of a ReadProcessMemory or WriteProcessMemory request was completed. (0x12B)
[0821/140107.412:WARNING:pe_image_reader.cc(340)] could not read dos header from C:\WINDOWS\System32\bcryptPrimitives.dll
[0821/140107.412:ERROR:process_memory_win.cc(73)] ReadMemory at 0x7ffb24400000 of 64 bytes failed: Only part of a ReadProcessMemory or WriteProcessMemory request was completed. (0x12B)
[0821/140107.412:WARNING:pe_image_reader.cc(340)] could not read dos header from C:\WINDOWS\System32\ADVAPI32.dll
[0821/140107.412:ERROR:process_memory_win.cc(73)] ReadMemory at 0x7ffb24360000 of 64 bytes failed: Only part of a ReadProcessMemory or WriteProcessMemory request was completed. (0x12B)
[0821/140107.412:WARNING:pe_image_reader.cc(340)] could not read dos header from C:\WINDOWS\System32\sechost.dll
[0821/140107.412:ERROR:process_memory_win.cc(73)] ReadMemory at 0x7ffb22aa0000 of 64 bytes failed: Only part of a ReadProcessMemory or WriteProcessMemory request was completed. (0x12B)
[0821/140107.412:WARNING:pe_image_reader.cc(340)] could not read dos header from C:\WINDOWS\System32\RPCRT4.dll
[0821/140107.412:ERROR:process_memory_win.cc(73)] ReadMemory at 0x7ffadc830000 of 64 bytes failed: Only part of a ReadProcessMemory or WriteProcessMemory request was completed. (0x12B)
[0821/140107.412:WARNING:pe_image_reader.cc(340)] could not read dos header from C:\Program Files (x86)\Google\Chrome\Application\84.0.4147.125\chrome.dll
[0821/140107.412:ERROR:process_memory_win.cc(73)] ReadMemory at 0x7ffb235f0000 of 64 bytes failed: Only part of a ReadProcessMemory or WriteProcessMemory request was completed. (0x12B)
[0821/140107.412:WARNING:pe_image_reader.cc(340)] could not read dos header from C:\WINDOWS\System32\WS2_32.dll
[0821/140107.412:ERROR:process_memory_win.cc(73)] ReadMemory at 0x7ffb244b0000 of 64 bytes failed: Only part of a ReadProcessMemory or WriteProcessMemory request was completed. (0x12B)
[0821/140107.412:WARNING:pe_image_reader.cc(340)] could not read dos header from C:\WINDOWS\System32\OLEAUT32.dll
[0821/140107.413:ERROR:process_memory_win.cc(73)] ReadMemory at 0x7ffb217f0000 of 64 bytes failed: Only part of a ReadProcessMemory or WriteProcessMemory request was completed. (0x12B)
[0821/140107.413:WARNING:pe_image_reader.cc(340)] could not read dos header from C:\WINDOWS\System32\msvcp_win.dll
[0821/140107.413:ERROR:process_memory_win.cc(73)] ReadMemory at 0x7ffb216f0000 of 64 bytes failed: Only part of a ReadProcessMemory or WriteProcessMemory request was completed. (0x12B)
[0821/140107.413:WARNING:pe_image_reader.cc(340)] could not read dos header from C:\WINDOWS\System32\ucrtbase.dll
[0821/140107.413:ERROR:process_memory_win.cc(73)] ReadMemory at 0x7ffb24020000 of 64 bytes failed: Only part of a ReadProcessMemory or WriteProcessMemory request was completed. (0x12B)
[0821/140107.413:WARNING:pe_image_reader.cc(340)] could not read dos header from C:\WINDOWS\System32\combase.dll
[0821/140107.413:ERROR:process_memory_win.cc(73)] ReadMemory at 0x7ffb22310000 of 64 bytes failed: Only part of a ReadProcessMemory or WriteProcessMemory request was completed. (0x12B)
[0821/140107.413:WARNING:pe_image_reader.cc(340)] could not read dos header from C:\WINDOWS\System32\WINTRUST.dll
[0821/140107.413:ERROR:process_memory_win.cc(73)] ReadMemory at 0x7ffb214a0000 of 64 bytes failed: Only part of a ReadProcessMemory or WriteProcessMemory request was completed. (0x12B)
[0821/140107.413:WARNING:pe_image_reader.cc(340)] could not read dos header from C:\WINDOWS\System32\MSASN1.dll
[0821/140107.413:ERROR:process_memory_win.cc(73)] ReadMemory at 0x7ffb22520000 of 64 bytes failed: Only part of a ReadProcessMemory or WriteProcessMemory request was completed. (0x12B)
[0821/140107.413:WARNING:pe_image_reader.cc(340)] could not read dos header from C:\WINDOWS\System32\CRYPT32.dll
[0821/140107.413:ERROR:process_memory_win.cc(73)] ReadMemory at 0x7ffb20a10000 of 64 bytes failed: Only part of a ReadProcessMemory or WriteProcessMemory request was completed. (0x12B)
[0821/140107.413:WARNING:pe_image_reader.cc(340)] could not read dos header from C:\WINDOWS\SYSTEM32\IPHLPAPI.DLL
[0821/140107.414:ERROR:process_memory_win.cc(73)] ReadMemory at 0x7ffb1ed60000 of 64 bytes failed: Only part of a ReadProcessMemory or WriteProcessMemory request was completed. (0x12B)
[0821/140107.414:WARNING:pe_image_reader.cc(340)] could not read dos header from C:\WINDOWS\SYSTEM32\WINMM.dll
[0821/140107.414:ERROR:process_memory_win.cc(73)] ReadMemory at 0x7ffb062e0000 of 64 bytes failed: Only part of a ReadProcessMemory or WriteProcessMemory request was completed. (0x12B)
[0821/140107.414:WARNING:pe_image_reader.cc(340)] could not read dos header from C:\WINDOWS\SYSTEM32\Secur32.dll
[0821/140107.414:ERROR:process_memory_win.cc(73)] ReadMemory at 0x7ffb213b0000 of 64 bytes failed: Only part of a ReadProcessMemory or WriteProcessMemory request was completed. (0x12B)
[0821/140107.414:WARNING:pe_image_reader.cc(340)] could not read dos header from C:\WINDOWS\SYSTEM32\USERENV.dll
[0821/140107.414:ERROR:process_memory_win.cc(73)] ReadMemory at 0x7ffb214e0000 of 64 bytes failed: Only part of a ReadProcessMemory or WriteProcessMemory request was completed. (0x12B)
[0821/140107.414:WARNING:pe_image_reader.cc(340)] could not read dos header from C:\WINDOWS\System32\profapi.dll
[0821/140107.414:ERROR:process_memory_win.cc(73)] ReadMemory at 0x7ffb040c0000 of 64 bytes failed: Only part of a ReadProcessMemory or WriteProcessMemory request was completed. (0x12B)
[0821/140107.414:WARNING:pe_image_reader.cc(340)] could not read dos header from C:\WINDOWS\SYSTEM32\UIAutomationCore.DLL
[0821/140107.414:ERROR:process_memory_win.cc(73)] ReadMemory at 0x7ffb101c0000 of 64 bytes failed: Only part of a ReadProcessMemory or WriteProcessMemory request was completed. (0x12B)
[0821/140107.414:WARNING:pe_image_reader.cc(340)] could not read dos header from C:\WINDOWS\SYSTEM32\DWrite.dll
[0821/140107.414:ERROR:process_memory_win.cc(73)] ReadMemory at 0x7ffb156c0000 of 64 bytes failed: Only part of a ReadProcessMemory or WriteProcessMemory request was completed. (0x12B)
[0821/140107.414:WARNING:pe_image_reader.cc(340)] could not read dos header from C:\WINDOWS\SYSTEM32\WINSPOOL.DRV
[0821/140107.414:ERROR:process_memory_win.cc(73)] ReadMemory at 0x7ffb214c0000 of 64 bytes failed: Only part of a ReadProcessMemory or WriteProcessMemory request was completed. (0x12B)
[0821/140107.414:WARNING:pe_image_reader.cc(340)] could not read dos header from C:\WINDOWS\System32\kernel.appcore.dll
[0821/140107.414:ERROR:process_memory_win.cc(73)] ReadMemory at 0x7ffb224a0000 of 64 bytes failed: Only part of a ReadProcessMemory or WriteProcessMemory request was completed. (0x12B)
[0821/140107.414:WARNING:pe_image_reader.cc(340)] could not read dos header from C:\WINDOWS\System32\bcrypt.dll
[0821/140107.414:ERROR:process_memory_win.cc(73)] ReadMemory at 0x7ffb1fd70000 of 64 bytes failed: Only part of a ReadProcessMemory or WriteProcessMemory request was completed. (0x12B)
[0821/140107.414:WARNING:pe_image_reader.cc(340)] could not read dos header from C:\WINDOWS\SYSTEM32\dbghelp.dll
[0821/140107.414:ERROR:process_memory_win.cc(73)] ReadMemory at 0x7ffb14b60000 of 64 bytes failed: Only part of a ReadProcessMemory or WriteProcessMemory request was completed. (0x12B)
[0821/140107.414:WARNING:pe_image_reader.cc(340)] could not read dos header from C:\WINDOWS\SYSTEM32\WINHTTP.dll
[0821/140107.414:ERROR:process_memory_win.cc(73)] ReadMemory at 0x7ffb17240000 of 64 bytes failed: Only part of a ReadProcessMemory or WriteProcessMemory request was completed. (0x12B)
[0821/140107.414:WARNING:pe_image_reader.cc(340)] could not read dos header from C:\WINDOWS\SYSTEM32\dhcpcsvc.DLL
[0821/140107.414:ERROR:process_memory_win.cc(73)] ReadMemory at 0x7ffb23b00000 of 64 bytes failed: Only part of a ReadProcessMemory or WriteProcessMemory request was completed. (0x12B)
[0821/140107.414:WARNING:pe_image_reader.cc(340)] could not read dos header from C:\WINDOWS\System32\NSI.dll
[0821/140107.414:ERROR:process_memory_win.cc(73)] ReadMemory at 0x7ffb1ed30000 of 64 bytes failed: Only part of a ReadProcessMemory or WriteProcessMemory request was completed. (0x12B)
[0821/140107.414:WARNING:pe_image_reader.cc(340)] could not read dos header from C:\WINDOWS\SYSTEM32\WINMMBASE.dll
[0821/140107.414:ERROR:process_memory_win.cc(73)] ReadMemory at 0x7ffb224d0000 of 64 bytes failed: Only part of a ReadProcessMemory or WriteProcessMemory request was completed. (0x12B)
[0821/140107.414:WARNING:pe_image_reader.cc(340)] could not read dos header from C:\WINDOWS\System32\cfgmgr32.dll
[0821/140107.415:ERROR:process_memory_win.cc(73)] ReadMemory at 0x7ffb1e710000 of 64 bytes failed: Only part of a ReadProcessMemory or WriteProcessMemory request was completed. (0x12B)
[0821/140107.415:WARNING:pe_image_reader.cc(340)] could not read dos header from C:\WINDOWS\SYSTEM32\PROPSYS.dll
[0821/140107.415:ERROR:process_memory_win.cc(73)] ReadMemory at 0x1e0cae00000 of 64 bytes failed: Only part of a ReadProcessMemory or WriteProcessMemory request was completed. (0x12B)
[0821/140107.415:WARNING:pe_image_reader.cc(340)] could not read dos header from C:\WINDOWS\System32\shcore.dll
[0821/140107.415:ERROR:process_memory_win.cc(73)] ReadMemory at 0x7ffb21380000 of 64 bytes failed: Only part of a ReadProcessMemory or WriteProcessMemory request was completed. (0x12B)
[0821/140107.415:WARNING:pe_image_reader.cc(340)] could not read dos header from C:\WINDOWS\SYSTEM32\SSPICLI.DLL
[0821/140107.415:ERROR:process_memory_win.cc(73)] ReadMemory at 0x7ffb20ed0000 of 64 bytes failed: Only part of a ReadProcessMemory or WriteProcessMemory request was completed. (0x12B)
[0821/140107.415:WARNING:pe_image_reader.cc(340)] could not read dos header from C:\WINDOWS\SYSTEM32\CRYPTBASE.DLL
[0821/140107.415:ERROR:process_memory_win.cc(73)] ReadMemory at 0x7ff60a5c0000 of 64 bytes failed: Only part of a ReadProcessMemory or WriteProcessMemory request was completed. (0x12B)
[0821/140107.415:WARNING:pe_image_reader.cc(340)] could not read dos header from C:\Program Files (x86)\Google\Chrome\Application\chrome.exe
[0821/140107.415:ERROR:process_memory_win.cc(73)] ReadMemory at 0x7ffb245c0000 of 64 bytes failed: Only part of a ReadProcessMemory or WriteProcessMemory request was completed. (0x12B)
[0821/140107.415:WARNING:pe_image_reader.cc(340)] could not read dos header from C:\WINDOWS\SYSTEM32\ntdll.dll
[0821/140107.415:ERROR:process_memory_win.cc(73)] ReadMemory at 0x7ffb23360000 of 64 bytes failed: Only part of a ReadProcessMemory or WriteProcessMemory request was completed. (0x12B)
[0821/140107.415:WARNING:pe_image_reader.cc(340)] could not read dos header from C:\WINDOWS\System32\KERNEL32.DLL
[0821/140107.415:ERROR:process_memory_win.cc(73)] ReadMemory at 0x7ffb21890000 of 64 bytes failed: Only part of a ReadProcessMemory or WriteProcessMemory request was completed. (0x12B)
[0821/140107.415:WARNING:pe_image_reader.cc(340)] could not read dos header from C:\WINDOWS\System32\KERNELBASE.dll
[0821/140107.415:ERROR:process_memory_win.cc(73)] ReadMemory at 0x7ffafafe0000 of 64 bytes failed: Only part of a ReadProcessMemory or WriteProcessMemory request was completed. (0x12B)
[0821/140107.415:WARNING:pe_image_reader.cc(340)] could not read dos header from C:\Program Files (x86)\Google\Chrome\Application\84.0.4147.125\chrome_elf.dll
[0821/140107.415:ERROR:process_memory_win.cc(73)] ReadMemory at 0x7ffb15db0000 of 64 bytes failed: Only part of a ReadProcessMemory or WriteProcessMemory request was completed. (0x12B)
[0821/140107.415:WARNING:pe_image_reader.cc(340)] could not read dos header from C:\WINDOWS\SYSTEM32\VERSION.dll
[0821/140107.415:ERROR:process_memory_win.cc(73)] ReadMemory at 0x7ffb23f80000 of 64 bytes failed: Only part of a ReadProcessMemory or WriteProcessMemory request was completed. (0x12B)
[0821/140107.415:WARNING:pe_image_reader.cc(340)] could not read dos header from C:\WINDOWS\System32\msvcrt.dll
[0821/140107.415:ERROR:process_memory_win.cc(73)] ReadMemory at 0x7ffb22420000 of 64 bytes failed: Only part of a ReadProcessMemory or WriteProcessMemory request was completed. (0x12B)
[0821/140107.415:WARNING:pe_image_reader.cc(340)] could not read dos header from C:\WINDOWS\System32\bcryptPrimitives.dll
[0821/140107.415:ERROR:process_memory_win.cc(73)] ReadMemory at 0x7ffb24400000 of 64 bytes failed: Only part of a ReadProcessMemory or WriteProcessMemory request was completed. (0x12B)
[0821/140107.415:WARNING:pe_image_reader.cc(340)] could not read dos header from C:\WINDOWS\System32\ADVAPI32.dll
[0821/140107.416:ERROR:process_memory_win.cc(73)] ReadMemory at 0x7ffb24360000 of 64 bytes failed: Only part of a ReadProcessMemory or WriteProcessMemory request was completed. (0x12B)
[0821/140107.416:WARNING:pe_image_reader.cc(340)] could not read dos header from C:\WINDOWS\System32\sechost.dll
[0821/140107.416:ERROR:process_memory_win.cc(73)] ReadMemory at 0x7ffb22aa0000 of 64 bytes failed: Only part of a ReadProcessMemory or WriteProcessMemory request was completed. (0x12B)
[0821/140107.416:WARNING:pe_image_reader.cc(340)] could not read dos header from C:\WINDOWS\System32\RPCRT4.dll
[0821/140107.416:ERROR:process_memory_win.cc(73)] ReadMemory at 0x7ffadc830000 of 64 bytes failed: Only part of a ReadProcessMemory or WriteProcessMemory request was completed. (0x12B)
[0821/140107.416:WARNING:pe_image_reader.cc(340)] could not read dos header from C:\Program Files (x86)\Google\Chrome\Application\84.0.4147.125\chrome.dll
[0821/140107.416:ERROR:process_memory_win.cc(73)] ReadMemory at 0x7ffb235f0000 of 64 bytes failed: Only part of a ReadProcessMemory or WriteProcessMemory request was completed. (0x12B)
[0821/140107.416:WARNING:pe_image_reader.cc(340)] could not read dos header from C:\WINDOWS\System32\WS2_32.dll
[0821/140107.416:ERROR:process_memory_win.cc(73)] ReadMemory at 0x7ffb244b0000 of 64 bytes failed: Only part of a ReadProcessMemory or WriteProcessMemory request was completed. (0x12B)
[0821/140107.416:WARNING:pe_image_reader.cc(340)] could not read dos header from C:\WINDOWS\System32\OLEAUT32.dll
[0821/140107.416:ERROR:process_memory_win.cc(73)] ReadMemory at 0x7ffb217f0000 of 64 bytes failed: Only part of a ReadProcessMemory or WriteProcessMemory request was completed. (0x12B)
[0821/140107.416:WARNING:pe_image_reader.cc(340)] could not read dos header from C:\WINDOWS\System32\msvcp_win.dll
[0821/140107.416:ERROR:process_memory_win.cc(73)] ReadMemory at 0x7ffb216f0000 of 64 bytes failed: Only part of a ReadProcessMemory or WriteProcessMemory request was completed. (0x12B)
[0821/140107.416:WARNING:pe_image_reader.cc(340)] could not read dos header from C:\WINDOWS\System32\ucrtbase.dll
[0821/140107.416:ERROR:process_memory_win.cc(73)] ReadMemory at 0x7ffb24020000 of 64 bytes failed: Only part of a ReadProcessMemory or WriteProcessMemory request was completed. (0x12B)
[0821/140107.416:WARNING:pe_image_reader.cc(340)] could not read dos header from C:\WINDOWS\System32\combase.dll
[0821/140107.416:ERROR:process_memory_win.cc(73)] ReadMemory at 0x7ffb22310000 of 64 bytes failed: Only part of a ReadProcessMemory or WriteProcessMemory request was completed. (0x12B)
[0821/140107.416:WARNING:pe_image_reader.cc(340)] could not read dos header from C:\WINDOWS\System32\WINTRUST.dll
[0821/140107.416:ERROR:process_memory_win.cc(73)] ReadMemory at 0x7ffb214a0000 of 64 bytes failed: Only part of a ReadProcessMemory or WriteProcessMemory request was completed. (0x12B)
[0821/140107.416:WARNING:pe_image_reader.cc(340)] could not read dos header from C:\WINDOWS\System32\MSASN1.dll
[0821/140107.416:ERROR:process_memory_win.cc(73)] ReadMemory at 0x7ffb22520000 of 64 bytes failed: Only part of a ReadProcessMemory or WriteProcessMemory request was completed. (0x12B)
[0821/140107.416:WARNING:pe_image_reader.cc(340)] could not read dos header from C:\WINDOWS\System32\CRYPT32.dll
[0821/140107.416:ERROR:process_memory_win.cc(73)] ReadMemory at 0x7ffb20a10000 of 64 bytes failed: Only part of a ReadProcessMemory or WriteProcessMemory request was completed. (0x12B)
[0821/140107.416:WARNING:pe_image_reader.cc(340)] could not read dos header from C:\WINDOWS\SYSTEM32\IPHLPAPI.DLL
[0821/140107.416:ERROR:process_memory_win.cc(73)] ReadMemory at 0x7ffb1ed60000 of 64 bytes failed: Only part of a ReadProcessMemory or WriteProcessMemory request was completed. (0x12B)
[0821/140107.416:WARNING:pe_image_reader.cc(340)] could not read dos header from C:\WINDOWS\SYSTEM32\WINMM.dll
[0821/140107.416:ERROR:process_memory_win.cc(73)] ReadMemory at 0x7ffb062e0000 of 64 bytes failed: Only part of a ReadProcessMemory or WriteProcessMemory request was completed. (0x12B)
[0821/140107.416:WARNING:pe_image_reader.cc(340)] could not read dos header from C:\WINDOWS\SYSTEM32\Secur32.dll
[0821/140107.416:ERROR:process_memory_win.cc(73)] ReadMemory at 0x7ffb213b0000 of 64 bytes failed: Only part of a ReadProcessMemory or WriteProcessMemory request was completed. (0x12B)
[0821/140107.416:WARNING:pe_image_reader.cc(340)] could not read dos header from C:\WINDOWS\SYSTEM32\USERENV.dll
[0821/140107.417:ERROR:process_memory_win.cc(73)] ReadMemory at 0x7ffb214e0000 of 64 bytes failed: Only part of a ReadProcessMemory or WriteProcessMemory request was completed. (0x12B)
[0821/140107.417:WARNING:pe_image_reader.cc(340)] could not read dos header from C:\WINDOWS\System32\profapi.dll
[0821/140107.417:ERROR:process_memory_win.cc(73)] ReadMemory at 0x7ffb040c0000 of 64 bytes failed: Only part of a ReadProcessMemory or WriteProcessMemory request was completed. (0x12B)
[0821/140107.417:WARNING:pe_image_reader.cc(340)] could not read dos header from C:\WINDOWS\SYSTEM32\UIAutomationCore.DLL
[0821/140107.417:ERROR:process_memory_win.cc(73)] ReadMemory at 0x7ffb101c0000 of 64 bytes failed: Only part of a ReadProcessMemory or WriteProcessMemory request was completed. (0x12B)
[0821/140107.417:WARNING:pe_image_reader.cc(340)] could not read dos header from C:\WINDOWS\SYSTEM32\DWrite.dll
[0821/140107.417:ERROR:process_memory_win.cc(73)] ReadMemory at 0x7ffb156c0000 of 64 bytes failed: Only part of a ReadProcessMemory or WriteProcessMemory request was completed. (0x12B)
[0821/140107.417:WARNING:pe_image_reader.cc(340)] could not read dos header from C:\WINDOWS\SYSTEM32\WINSPOOL.DRV
[0821/140107.417:ERROR:process_memory_win.cc(73)] ReadMemory at 0x7ffb214c0000 of 64 bytes failed: Only part of a ReadProcessMemory or WriteProcessMemory request was completed. (0x12B)
[0821/140107.417:WARNING:pe_image_reader.cc(340)] could not read dos header from C:\WINDOWS\System32\kernel.appcore.dll
[0821/140107.417:ERROR:process_memory_win.cc(73)] ReadMemory at 0x7ffb224a0000 of 64 bytes failed: Only part of a ReadProcessMemory or WriteProcessMemory request was completed. (0x12B)
[0821/140107.417:WARNING:pe_image_reader.cc(340)] could not read dos header from C:\WINDOWS\System32\bcrypt.dll
[0821/140107.417:ERROR:process_memory_win.cc(73)] ReadMemory at 0x7ffb1fd70000 of 64 bytes failed: Only part of a ReadProcessMemory or WriteProcessMemory request was completed. (0x12B)
[0821/140107.417:WARNING:pe_image_reader.cc(340)] could not read dos header from C:\WINDOWS\SYSTEM32\dbghelp.dll
[0821/140107.417:ERROR:process_memory_win.cc(73)] ReadMemory at 0x7ffb14b60000 of 64 bytes failed: Only part of a ReadProcessMemory or WriteProcessMemory request was completed. (0x12B)
[0821/140107.417:WARNING:pe_image_reader.cc(340)] could not read dos header from C:\WINDOWS\SYSTEM32\WINHTTP.dll
[0821/140107.417:ERROR:process_memory_win.cc(73)] ReadMemory at 0x7ffb17240000 of 64 bytes failed: Only part of a ReadProcessMemory or WriteProcessMemory request was completed. (0x12B)
[0821/140107.417:WARNING:pe_image_reader.cc(340)] could not read dos header from C:\WINDOWS\SYSTEM32\dhcpcsvc.DLL
[0821/140107.417:ERROR:process_memory_win.cc(73)] ReadMemory at 0x7ffb23b00000 of 64 bytes failed: Only part of a ReadProcessMemory or WriteProcessMemory request was completed. (0x12B)
[0821/140107.417:WARNING:pe_image_reader.cc(340)] could not read dos header from C:\WINDOWS\System32\NSI.dll
[0821/140107.417:ERROR:process_memory_win.cc(73)] ReadMemory at 0x7ffb1ed30000 of 64 bytes failed: Only part of a ReadProcessMemory or WriteProcessMemory request was completed. (0x12B)
[0821/140107.417:WARNING:pe_image_reader.cc(340)] could not read dos header from C:\WINDOWS\SYSTEM32\WINMMBASE.dll
[0821/140107.417:ERROR:process_memory_win.cc(73)] ReadMemory at 0x7ffb224d0000 of 64 bytes failed: Only part of a ReadProcessMemory or WriteProcessMemory request was completed. (0x12B)
[0821/140107.417:WARNING:pe_image_reader.cc(340)] could not read dos header from C:\WINDOWS\System32\cfgmgr32.dll
[0821/140107.417:ERROR:process_memory_win.cc(73)] ReadMemory at 0x7ffb1e710000 of 64 bytes failed: Only part of a ReadProcessMemory or WriteProcessMemory request was completed. (0x12B)
[0821/140107.417:WARNING:pe_image_reader.cc(340)] could not read dos header from C:\WINDOWS\SYSTEM32\PROPSYS.dll
[0821/140107.417:ERROR:process_memory_win.cc(73)] ReadMemory at 0x1e0cae00000 of 64 bytes failed: Only part of a ReadProcessMemory or WriteProcessMemory request was completed. (0x12B)
[0821/140107.417:WARNING:pe_image_reader.cc(340)] could not read dos header from C:\WINDOWS\System32\shcore.dll
[0821/140107.418:ERROR:process_memory_win.cc(73)] ReadMemory at 0x7ffb21380000 of 64 bytes failed: Only part of a ReadProcessMemory or WriteProcessMemory request was completed. (0x12B)
[0821/140107.418:WARNING:pe_image_reader.cc(340)] could not read dos header from C:\WINDOWS\SYSTEM32\SSPICLI.DLL
[0821/140107.418:ERROR:process_memory_win.cc(73)] ReadMemory at 0x7ffb20ed0000 of 64 bytes failed: Only part of a ReadProcessMemory or WriteProcessMemory request was completed. (0x12B)
[0821/140107.418:WARNING:pe_image_reader.cc(340)] could not read dos header from C:\WINDOWS\SYSTEM32\CRYPTBASE.DLL
[0821/140107.438:ERROR:process_memory_win.cc(73)] ReadMemory at 0xb6861dc000 of 147456 bytes failed: Only part of a ReadProcessMemory or WriteProcessMemory request was completed. (0x12B)
[0821/140107.438:ERROR:process_memory_win.cc(73)] ReadMemory at 0xb6869fd000 of 12288 bytes failed: Only part of a ReadProcessMemory or WriteProcessMemory request was completed. (0x12B)
[0821/140107.438:ERROR:process_memory_win.cc(73)] ReadMemory at 0xb6879fc000 of 16384 bytes failed: Only part of a ReadProcessMemory or WriteProcessMemory request was completed. (0x12B)
[0821/140107.439:ERROR:process_memory_win.cc(73)] ReadMemory at 0xb6881fb000 of 20480 bytes failed: Only part of a ReadProcessMemory or WriteProcessMemory request was completed. (0x12B)
[0821/140107.439:ERROR:process_memory_win.cc(73)] ReadMemory at 0xb6889ff000 of 4096 bytes failed: Only part of a ReadProcessMemory or WriteProcessMemory request was completed. (0x12B)
[0821/140107.439:ERROR:process_memory_win.cc(73)] ReadMemory at 0xb6891fd000 of 12288 bytes failed: Only part of a ReadProcessMemory or WriteProcessMemory request was completed. (0x12B)
[0821/140107.439:ERROR:process_memory_win.cc(73)] ReadMemory at 0xb6899fb000 of 20480 bytes failed: Only part of a ReadProcessMemory or WriteProcessMemory request was completed. (0x12B)
[0821/140107.439:ERROR:process_memory_win.cc(73)] ReadMemory at 0xb68a9fb000 of 20480 bytes failed: Only part of a ReadProcessMemory or WriteProcessMemory request was completed. (0x12B)
[0821/140107.439:ERROR:process_memory_win.cc(73)] ReadMemory at 0xb68b1fa000 of 24576 bytes failed: Only part of a ReadProcessMemory or WriteProcessMemory request was completed. (0x12B)
[0821/140107.440:ERROR:process_memory_win.cc(73)] ReadMemory at 0xb68b9f9000 of 28672 bytes failed: Only part of a ReadProcessMemory or WriteProcessMemory request was completed. (0x12B)
[0821/140107.440:ERROR:process_memory_win.cc(73)] ReadMemory at 0xb68c1fc000 of 16384 bytes failed: Only part of a ReadProcessMemory or WriteProcessMemory request was completed. (0x12B)
[0821/140107.440:ERROR:process_memory_win.cc(73)] ReadMemory at 0xb68a1fd000 of 12288 bytes failed: Only part of a ReadProcessMemory or WriteProcessMemory request was completed. (0x12B)
[0821/140107.440:ERROR:process_memory_win.cc(73)] ReadMemory at 0xb68d9ee000 of 73728 bytes failed: Only part of a ReadProcessMemory or WriteProcessMemory request was completed. (0x12B)
[0821/140107.440:ERROR:process_memory_win.cc(73)] ReadMemory at 0xb68d1fd000 of 12288 bytes failed: Only part of a ReadProcessMemory or WriteProcessMemory request was completed. (0x12B)
[0821/140107.440:ERROR:process_memory_win.cc(73)] ReadMemory at 0xb6871fe000 of 8192 bytes failed: Only part of a ReadProcessMemory or WriteProcessMemory request was completed. (0x12B)
[0821/140107.440:ERROR:process_memory_win.cc(73)] ReadMemory at 0xb6858fc000 of 6024 bytes failed: Only part of a ReadProcessMemory or WriteProcessMemory request was completed. (0x12B)
[0821/140107.441:ERROR:process_memory_win.cc(73)] ReadMemory at 0xb685900000 of 6024 bytes failed: Only part of a ReadProcessMemory or WriteProcessMemory request was completed. (0x12B)
[0821/140107.441:ERROR:process_memory_win.cc(73)] ReadMemory at 0xb6859b7000 of 852 bytes failed: Only part of a ReadProcessMemory or WriteProcessMemory request was completed. (0x12B)
[0821/140107.441:ERROR:process_memory_win.cc(73)] ReadMemory at 0xb6859b8000 of 6024 bytes failed: Only part of a ReadProcessMemory or WriteProcessMemory request was completed. (0x12B)
[0821/140107.441:ERROR:process_memory_win.cc(73)] ReadMemory at 0xb6859ba000 of 6024 bytes failed: Only part of a ReadProcessMemory or WriteProcessMemory request was completed. (0x12B)
[0821/140107.441:ERROR:process_memory_win.cc(73)] ReadMemory at 0xb6859be000 of 6024 bytes failed: Only part of a ReadProcessMemory or WriteProcessMemory request was completed. (0x12B)
[0821/140107.441:ERROR:process_memory_win.cc(73)] ReadMemory at 0xb6859c0000 of 6024 bytes failed: Only part of a ReadProcessMemory or WriteProcessMemory request was completed. (0x12B)
[0821/140107.441:ERROR:process_memory_win.cc(73)] ReadMemory at 0xb6859c2000 of 6024 bytes failed: Only part of a ReadProcessMemory or WriteProcessMemory request was completed. (0x12B)
[0821/140107.442:ERROR:process_memory_win.cc(73)] ReadMemory at 0xb6859c4000 of 6024 bytes failed: Only part of a ReadProcessMemory or WriteProcessMemory request was completed. (0x12B)
[0821/140107.442:ERROR:process_memory_win.cc(73)] ReadMemory at 0xb6859c6000 of 6024 bytes failed: Only part of a ReadProcessMemory or WriteProcessMemory request was completed. (0x12B)
[0821/140107.442:ERROR:process_memory_win.cc(73)] ReadMemory at 0xb6859ca000 of 6024 bytes failed: Only part of a ReadProcessMemory or WriteProcessMemory request was completed. (0x12B)
[0821/140107.442:ERROR:process_memory_win.cc(73)] ReadMemory at 0xb6859cc000 of 6024 bytes failed: Only part of a ReadProcessMemory or WriteProcessMemory request was completed. (0x12B)
[0821/140107.442:ERROR:process_memory_win.cc(73)] ReadMemory at 0xb6859ce000 of 6024 bytes failed: Only part of a ReadProcessMemory or WriteProcessMemory request was completed. (0x12B)
[0821/140107.442:ERROR:process_memory_win.cc(73)] ReadMemory at 0xb6859d0000 of 6024 bytes failed: Only part of a ReadProcessMemory or WriteProcessMemory request was completed. (0x12B)
[0821/140107.443:ERROR:process_memory_win.cc(73)] ReadMemory at 0xb6859d8000 of 6024 bytes failed: Only part of a ReadProcessMemory or WriteProcessMemory request was completed. (0x12B)
[0821/140107.443:ERROR:process_memory_win.cc(73)] ReadMemory at 0xb6859e6000 of 6024 bytes failed: Only part of a ReadProcessMemory or WriteProcessMemory request was completed. (0x12B)
[0821/140107.443:ERROR:process_memory_win.cc(73)] ReadMemory at 0x1e0cac90fe0 of 5000 bytes failed: Only part of a ReadProcessMemory or WriteProcessMemory request was completed. (0x12B)
[0821/140107.443:ERROR:process_memory_win.cc(73)] ReadMemory at 0x1e0cac92370 of 1012 bytes failed: Only part of a ReadProcessMemory or WriteProcessMemory request was completed. (0x12B)
[0821/140107.443:ERROR:process_memory_win.cc(73)] ReadMemory at 0x1e0cac929b8 of 118 bytes failed: Only part of a ReadProcessMemory or WriteProcessMemory request was completed. (0x12B)
[0821/140107.443:ERROR:process_memory_win.cc(73)] ReadMemory at 0x1e0cac92a30 of 854 bytes failed: Only part of a ReadProcessMemory or WriteProcessMemory request was completed. (0x12B)
[0821/140107.443:ERROR:process_memory_win.cc(73)] ReadMemory at 0x1e0cac92d88 of 118 bytes failed: Only part of a ReadProcessMemory or WriteProcessMemory request was completed. (0x12B)
[0821/140107.443:ERROR:process_memory_win.cc(73)] ReadMemory at 0x1e0cac92e00 of 102 bytes failed: Only part of a ReadProcessMemory or WriteProcessMemory request was completed. (0x12B)
[0821/140107.444:ERROR:process_memory_win.cc(73)] ReadMemory at 0x1e0cac92e80 of 58 bytes failed: Only part of a ReadProcessMemory or WriteProcessMemory request was completed. (0x12B)
[0821/140107.444:ERROR:process_memory_win.cc(73)] ReadMemory at 0x1e0cac92f80 of 132 bytes failed: Only part of a ReadProcessMemory or WriteProcessMemory request was completed. (0x12B)
[0821/140107.444:ERROR:process_memory_win.cc(73)] ReadMemory at 0x1e0cac93110 of 132 bytes failed: Only part of a ReadProcessMemory or WriteProcessMemory request was completed. (0x12B)
[0821/140107.444:ERROR:process_memory_win.cc(73)] ReadMemory at 0x1e0cac932d0 of 126 bytes failed: Only part of a ReadProcessMemory or WriteProcessMemory request was completed. (0x12B)
[0821/140107.444:ERROR:process_memory_win.cc(73)] ReadMemory at 0x1e0cac936b0 of 132 bytes failed: Only part of a ReadProcessMemory or WriteProcessMemory request was completed. (0x12B)
[0821/140107.444:ERROR:process_memory_win.cc(73)] ReadMemory at 0x1e0cac93840 of 64 bytes failed: Only part of a ReadProcessMemory or WriteProcessMemory request was completed. (0x12B)
[0821/140107.444:ERROR:process_memory_win.cc(73)] ReadMemory at 0x1e0cac93890 of 132 bytes failed: Only part of a ReadProcessMemory or WriteProcessMemory request was completed. (0x12B)
[0821/140107.444:ERROR:process_memory_win.cc(73)] ReadMemory at 0x1e0cac93ca0 of 132 bytes failed: Only part of a ReadProcessMemory or WriteProcessMemory request was completed. (0x12B)
[0821/140107.444:ERROR:process_memory_win.cc(73)] ReadMemory at 0x1e0cac93e30 of 68 bytes failed: Only part of a ReadProcessMemory or WriteProcessMemory request was completed. (0x12B)
[0821/140107.444:ERROR:process_memory_win.cc(73)] ReadMemory at 0x1e0cac94fd0 of 132 bytes failed: Only part of a ReadProcessMemory or WriteProcessMemory request was completed. (0x12B)
[0821/140107.445:ERROR:process_memory_win.cc(73)] ReadMemory at 0x1e0cac95100 of 154 bytes failed: Only part of a ReadProcessMemory or WriteProcessMemory request was completed. (0x12B)
[0821/140107.445:ERROR:process_memory_win.cc(73)] ReadMemory at 0x1e0cac96be0 of 62 bytes failed: Only part of a ReadProcessMemory or WriteProcessMemory request was completed. (0x12B)
[0821/140107.445:ERROR:process_memory_win.cc(73)] ReadMemory at 0x1e0cac96dd0 of 132 bytes failed: Only part of a ReadProcessMemory or WriteProcessMemory request was completed. (0x12B)
[0821/140107.445:ERROR:process_memory_win.cc(73)] ReadMemory at 0x1e0cac96f00 of 60 bytes failed: Only part of a ReadProcessMemory or WriteProcessMemory request was completed. (0x12B)
[0821/140107.445:ERROR:process_memory_win.cc(73)] ReadMemory at 0x1e0cac9eff0 of 54 bytes failed: Only part of a ReadProcessMemory or WriteProcessMemory request was completed. (0x12B)
[0821/140107.445:ERROR:process_memory_win.cc(73)] ReadMemory at 0x1e0caca2a10 of 132 bytes failed: Only part of a ReadProcessMemory or WriteProcessMemory request was completed. (0x12B)
[0821/140107.445:ERROR:process_memory_win.cc(73)] ReadMemory at 0x1e0caca42a0 of 80 bytes failed: Only part of a ReadProcessMemory or WriteProcessMemory request was completed. (0x12B)
[0821/140107.446:ERROR:process_memory_win.cc(73)] ReadMemory at 0x1e0caca4360 of 76 bytes failed: Only part of a ReadProcessMemory or WriteProcessMemory request was completed. (0x12B)
[0821/140107.446:ERROR:process_memory_win.cc(73)] ReadMemory at 0x1e0caca43c0 of 80 bytes failed: Only part of a ReadProcessMemory or WriteProcessMemory request was completed. (0x12B)
[0821/140107.446:ERROR:process_memory_win.cc(73)] ReadMemory at 0x1e0caca50a0 of 132 bytes failed: Only part of a ReadProcessMemory or WriteProcessMemory request was completed. (0x12B)
[0821/140107.446:ERROR:process_memory_win.cc(73)] ReadMemory at 0x1e0caca5af0 of 132 bytes failed: Only part of a ReadProcessMemory or WriteProcessMemory request was completed. (0x12B)
[0821/140107.446:ERROR:process_memory_win.cc(73)] ReadMemory at 0x1e0caca5d10 of 132 bytes failed: Only part of a ReadProcessMemory or WriteProcessMemory request was completed. (0x12B)
[0821/140107.446:ERROR:process_memory_win.cc(73)] ReadMemory at 0x1e0caca6070 of 132 bytes failed: Only part of a ReadProcessMemory or WriteProcessMemory request was completed. (0x12B)
[0821/140107.446:ERROR:process_memory_win.cc(73)] ReadMemory at 0x1e0caca6280 of 132 bytes failed: Only part of a ReadProcessMemory or WriteProcessMemory request was completed. (0x12B)
[0821/140107.446:ERROR:process_memory_win.cc(73)] ReadMemory at 0x1e0caca65b0 of 132 bytes failed: Only part of a ReadProcessMemory or WriteProcessMemory request was completed. (0x12B)
[0821/140107.447:ERROR:process_memory_win.cc(73)] ReadMemory at 0x1e0caca66e0 of 132 bytes failed: Only part of a ReadProcessMemory or WriteProcessMemory request was completed. (0x12B)
[0821/140107.447:ERROR:process_memory_win.cc(73)] ReadMemory at 0x1e0caca6810 of 132 bytes failed: Only part of a ReadProcessMemory or WriteProcessMemory request was completed. (0x12B)
[0821/140107.447:ERROR:process_memory_win.cc(73)] ReadMemory at 0x1e0caca6940 of 132 bytes failed: Only part of a ReadProcessMemory or WriteProcessMemory request was completed. (0x12B)
[0821/140107.447:ERROR:process_memory_win.cc(73)] ReadMemory at 0x1e0caca6a70 of 132 bytes failed: Only part of a ReadProcessMemory or WriteProcessMemory request was completed. (0x12B)
[0821/140107.447:ERROR:process_memory_win.cc(73)] ReadMemory at 0x1e0caca6cd0 of 132 bytes failed: Only part of a ReadProcessMemory or WriteProcessMemory request was completed. (0x12B)
[0821/140107.447:ERROR:process_memory_win.cc(73)] ReadMemory at 0x1e0caca6e00 of 132 bytes failed: Only part of a ReadProcessMemory or WriteProcessMemory request was completed. (0x12B)
[0821/140107.447:ERROR:process_memory_win.cc(73)] ReadMemory at 0x1e0caca6f30 of 132 bytes failed: Only part of a ReadProcessMemory or WriteProcessMemory request was completed. (0x12B)
[0821/140107.447:ERROR:process_memory_win.cc(73)] ReadMemory at 0x1e0caca7060 of 132 bytes failed: Only part of a ReadProcessMemory or WriteProcessMemory request was completed. (0x12B)
[0821/140107.470:ERROR:process_memory_win.cc(73)] ReadMemory at 0x1e0caca7190 of 132 bytes failed: Only part of a ReadProcessMemory or WriteProcessMemory request was completed. (0x12B)
[0821/140107.471:ERROR:process_memory_win.cc(73)] ReadMemory at 0x1e0caca72c0 of 132 bytes failed: Only part of a ReadProcessMemory or WriteProcessMemory request was completed. (0x12B)
[0821/140107.471:ERROR:process_memory_win.cc(73)] ReadMemory at 0x1e0caca73f0 of 132 bytes failed: Only part of a ReadProcessMemory or WriteProcessMemory request was completed. (0x12B)
[0821/140107.471:ERROR:process_memory_win.cc(73)] ReadMemory at 0x1e0caca9220 of 146 bytes failed: Only part of a ReadProcessMemory or WriteProcessMemory request was completed. (0x12B)
[0821/140107.471:ERROR:process_memory_win.cc(73)] ReadMemory at 0x1e0caca9ba0 of 132 bytes failed: Only part of a ReadProcessMemory or WriteProcessMemory request was completed. (0x12B)
[0821/140107.471:ERROR:process_memory_win.cc(73)] ReadMemory at 0x1e0caca9cd0 of 132 bytes failed: Only part of a ReadProcessMemory or WriteProcessMemory request was completed. (0x12B)
[0821/140107.471:ERROR:process_memory_win.cc(73)] ReadMemory at 0x1e0cacab000 of 62 bytes failed: Only part of a ReadProcessMemory or WriteProcessMemory request was completed. (0x12B)
[0821/140107.471:ERROR:process_memory_win.cc(73)] ReadMemory at 0x1e0cacab050 of 64 bytes failed: Only part of a ReadProcessMemory or WriteProcessMemory request was completed. (0x12B)
[0821/140107.471:ERROR:process_memory_win.cc(73)] ReadMemory at 0x1e0cacab0a0 of 60 bytes failed: Only part of a ReadProcessMemory or WriteProcessMemory request was completed. (0x12B)
[0821/140107.472:ERROR:process_memory_win.cc(73)] ReadMemory at 0x1e0cacab0f0 of 64 bytes failed: Only part of a ReadProcessMemory or WriteProcessMemory request was completed. (0x12B)
[0821/140107.472:ERROR:process_memory_win.cc(73)] ReadMemory at 0x1e0cacab190 of 62 bytes failed: Only part of a ReadProcessMemory or WriteProcessMemory request was completed. (0x12B)
[0821/140107.472:ERROR:process_memory_win.cc(73)] ReadMemory at 0x1e0cacab1e0 of 62 bytes failed: Only part of a ReadProcessMemory or WriteProcessMemory request was completed. (0x12B)
[0821/140107.472:ERROR:process_memory_win.cc(73)] ReadMemory at 0x1e0cacab230 of 66 bytes failed: Only part of a ReadProcessMemory or WriteProcessMemory request was completed. (0x12B)
[0821/140107.522:ERROR:process_memory_win.cc(73)] ReadMemory at 0x1e0cacab280 of 64 bytes failed: Only part of a ReadProcessMemory or WriteProcessMemory request was completed. (0x12B)
[0821/140107.523:ERROR:process_memory_win.cc(73)] ReadMemory at 0x1e0cacab320 of 62 bytes failed: Only part of a ReadProcessMemory or WriteProcessMemory request was completed. (0x12B)
[0821/140107.523:ERROR:process_memory_win.cc(73)] ReadMemory at 0x1e0cacab4b0 of 66 bytes failed: Only part of a ReadProcessMemory or WriteProcessMemory request was completed. (0x12B)
[0821/140107.523:ERROR:process_memory_win.cc(73)] ReadMemory at 0x1e0cacab500 of 64 bytes failed: Only part of a ReadProcessMemory or WriteProcessMemory request was completed. (0x12B)
[0821/140107.523:ERROR:process_memory_win.cc(73)] ReadMemory at 0x1e0cacab690 of 64 bytes failed: Only part of a ReadProcessMemory or WriteProcessMemory request was completed. (0x12B)
[0821/140107.523:ERROR:process_memory_win.cc(73)] ReadMemory at 0x1e0cacab6e0 of 62 bytes failed: Only part of a ReadProcessMemory or WriteProcessMemory request was completed. (0x12B)
[0821/140107.523:ERROR:process_memory_win.cc(73)] ReadMemory at 0x1e0cacab730 of 62 bytes failed: Only part of a ReadProcessMemory or WriteProcessMemory request was completed. (0x12B)
[0821/140107.523:ERROR:process_memory_win.cc(73)] ReadMemory at 0x1e0cacab7d0 of 62 bytes failed: Only part of a ReadProcessMemory or WriteProcessMemory request was completed. (0x12B)
[0821/140107.524:ERROR:process_memory_win.cc(73)] ReadMemory at 0x1e0cacab820 of 64 bytes failed: Only part of a ReadProcessMemory or WriteProcessMemory request was completed. (0x12B)
[0821/140107.524:ERROR:process_memory_win.cc(73)] ReadMemory at 0x1e0cacab870 of 62 bytes failed: Only part of a ReadProcessMemory or WriteProcessMemory request was completed. (0x12B)
[0821/140107.524:ERROR:process_memory_win.cc(73)] ReadMemory at 0x1e0cacab8c0 of 60 bytes failed: Only part of a ReadProcessMemory or WriteProcessMemory request was completed. (0x12B)
[0821/140107.524:ERROR:process_memory_win.cc(73)] ReadMemory at 0x1e0cacab910 of 64 bytes failed: Only part of a ReadProcessMemory or WriteProcessMemory request was completed. (0x12B)
[0821/140107.524:ERROR:process_memory_win.cc(73)] ReadMemory at 0x1e0cacab960 of 62 bytes failed: Only part of a ReadProcessMemory or WriteProcessMemory request was completed. (0x12B)
[0821/140107.524:ERROR:process_memory_win.cc(73)] ReadMemory at 0x1e0cacaba50 of 60 bytes failed: Only part of a ReadProcessMemory or WriteProcessMemory request was completed. (0x12B)
[0821/140107.524:ERROR:process_memory_win.cc(73)] ReadMemory at 0x1e0cacabaf0 of 62 bytes failed: Only part of a ReadProcessMemory or WriteProcessMemory request was completed. (0x12B)
[0821/140107.524:ERROR:process_memory_win.cc(73)] ReadMemory at 0x1e0cacabb90 of 60 bytes failed: Only part of a ReadProcessMemory or WriteProcessMemory request was completed. (0x12B)
[0821/140107.524:ERROR:process_memory_win.cc(73)] ReadMemory at 0x1e0cacabbe0 of 60 bytes failed: Only part of a ReadProcessMemory or WriteProcessMemory request was completed. (0x12B)
[0821/140107.525:ERROR:process_memory_win.cc(73)] ReadMemory at 0x1e0cacabc80 of 60 bytes failed: Only part of a ReadProcessMemory or WriteProcessMemory request was completed. (0x12B)
[0821/140107.525:ERROR:process_memory_win.cc(73)] ReadMemory at 0x1e0cacabdc0 of 64 bytes failed: Only part of a ReadProcessMemory or WriteProcessMemory request was completed. (0x12B)
[0821/140107.525:ERROR:process_memory_win.cc(73)] ReadMemory at 0x1e0cacabeb0 of 58 bytes failed: Only part of a ReadProcessMemory or WriteProcessMemory request was completed. (0x12B)
[0821/140107.525:ERROR:process_memory_win.cc(73)] ReadMemory at 0x1e0cacaf9a0 of 132 bytes failed: Only part of a ReadProcessMemory or WriteProcessMemory request was completed. (0x12B)
[0821/140107.525:ERROR:process_memory_win.cc(73)] ReadMemory at 0x1e0cacafcf0 of 132 bytes failed: Only part of a ReadProcessMemory or WriteProcessMemory request was completed. (0x12B)
[0821/140107.525:ERROR:process_memory_win.cc(73)] ReadMemory at 0x1e0cacb0c50 of 132 bytes failed: Only part of a ReadProcessMemory or WriteProcessMemory request was completed. (0x12B)
[0821/140107.525:ERROR:process_memory_win.cc(73)] ReadMemory at 0x1e0cacb1240 of 132 bytes failed: Only part of a ReadProcessMemory or WriteProcessMemory request was completed. (0x12B)
[0821/140107.525:ERROR:process_memory_win.cc(73)] ReadMemory at 0x1e0cacb14a0 of 132 bytes failed: Only part of a ReadProcessMemory or WriteProcessMemory request was completed. (0x12B)
[0821/140107.526:ERROR:process_memory_win.cc(73)] ReadMemory at 0x1e0cacb15d0 of 132 bytes failed: Only part of a ReadProcessMemory or WriteProcessMemory request was completed. (0x12B)
[0821/140107.526:ERROR:process_memory_win.cc(73)] ReadMemory at 0x1e0cacb1830 of 132 bytes failed: Only part of a ReadProcessMemory or WriteProcessMemory request was completed. (0x12B)
[0821/140107.526:ERROR:process_memory_win.cc(73)] ReadMemory at 0x1e0cacb1960 of 132 bytes failed: Only part of a ReadProcessMemory or WriteProcessMemory request was completed. (0x12B)
[0821/140107.526:ERROR:process_memory_win.cc(73)] ReadMemory at 0x1e0cacb2080 of 132 bytes failed: Only part of a ReadProcessMemory or WriteProcessMemory request was completed. (0x12B)
[0821/140107.526:ERROR:process_memory_win.cc(73)] ReadMemory at 0x1e0cacb22e0 of 132 bytes failed: Only part of a ReadProcessMemory or WriteProcessMemory request was completed. (0x12B)
[0821/140107.526:ERROR:process_memory_win.cc(73)] ReadMemory at 0x1e0cacb2670 of 132 bytes failed: Only part of a ReadProcessMemory or WriteProcessMemory request was completed. (0x12B)
[0821/140107.526:ERROR:process_memory_win.cc(73)] ReadMemory at 0x1e0cacb27a0 of 132 bytes failed: Only part of a ReadProcessMemory or WriteProcessMemory request was completed. (0x12B)
[0821/140107.527:ERROR:process_memory_win.cc(73)] ReadMemory at 0x1e0cad11930 of 512 bytes failed: Only part of a ReadProcessMemory or WriteProcessMemory request was completed. (0x12B)
[0821/140107.527:ERROR:process_memory_win.cc(73)] ReadMemory at 0x1e0cad30760 of 512 bytes failed: Only part of a ReadProcessMemory or WriteProcessMemory request was completed. (0x12B)
[0821/140107.527:ERROR:process_memory_win.cc(73)] ReadMemory at 0x1e0cad31eb0 of 672 bytes failed: Only part of a ReadProcessMemory or WriteProcessMemory request was completed. (0x12B)
[0821/140107.527:ERROR:process_memory_win.cc(73)] ReadMemory at 0x1e0cad362d0 of 712 bytes failed: Only part of a ReadProcessMemory or WriteProcessMemory request was completed. (0x12B)
[0821/140107.527:ERROR:process_memory_win.cc(73)] ReadMemory at 0x1e0cc620f40 of 512 bytes failed: Only part of a ReadProcessMemory or WriteProcessMemory request was completed. (0x12B)
[0821/140107.527:ERROR:process_memory_win.cc(73)] ReadMemory at 0x1e0cc688e10 of 512 bytes failed: Only part of a ReadProcessMemory or WriteProcessMemory request was completed. (0x12B)
[0821/140107.527:ERROR:process_memory_win.cc(73)] ReadMemory at 0x1e0cc9ab980 of 512 bytes failed: Only part of a ReadProcessMemory or WriteProcessMemory request was completed. (0x12B)
[0821/140107.528:ERROR:process_memory_win.cc(73)] ReadMemory at 0x1e0cc9ea080 of 512 bytes failed: Only part of a ReadProcessMemory or WriteProcessMemory request was completed. (0x12B)
[0821/140107.528:ERROR:process_memory_win.cc(73)] ReadMemory at 0x1e0ccd60f80 of 512 bytes failed: Only part of a ReadProcessMemory or WriteProcessMemory request was completed. (0x12B)
[0821/140107.528:ERROR:process_memory_win.cc(73)] ReadMemory at 0x1e0cd693c50 of 512 bytes failed: Only part of a ReadProcessMemory or WriteProcessMemory request was completed. (0x12B)
[0821/140107.528:ERROR:process_memory_win.cc(73)] ReadMemory at 0x1e0d1b4dd80 of 515 bytes failed: Only part of a ReadProcessMemory or WriteProcessMemory request was completed. (0x12B)
[0821/140107.528:ERROR:process_memory_win.cc(73)] ReadMemory at 0x1e0d3aa7490 of 512 bytes failed: Only part of a ReadProcessMemory or WriteProcessMemory request was completed. (0x12B)
[0821/140107.528:ERROR:process_memory_win.cc(73)] ReadMemory at 0x1e0d4138a60 of 512 bytes failed: Only part of a ReadProcessMemory or WriteProcessMemory request was completed. (0x12B)
[0821/140107.529:ERROR:process_memory_win.cc(73)] ReadMemory at 0x4e75e9381af0 of 512 bytes failed: Only part of a ReadProcessMemory or WriteProcessMemory request was completed. (0x12B)
[0821/140107.529:ERROR:process_memory_win.cc(73)] ReadMemory at 0x7ffae1c80220 of 512 bytes failed: Only part of a ReadProcessMemory or WriteProcessMemory request was completed. (0x12B)
[0821/140107.529:ERROR:process_memory_win.cc(73)] ReadMemory at 0x7ffae39154b0 of 512 bytes failed: Only part of a ReadProcessMemory or WriteProcessMemory request was completed. (0x12B)
[0821/140107.529:ERROR:process_memory_win.cc(73)] ReadMemory at 0x7ffae3d02bf0 of 512 bytes failed: Only part of a ReadProcessMemory or WriteProcessMemory request was completed. (0x12B)
[0821/140107.529:ERROR:process_memory_win.cc(73)] ReadMemory at 0x7ffae42fc188 of 512 bytes failed: Only part of a ReadProcessMemory or WriteProcessMemory request was completed. (0x12B)
[0821/140107.529:ERROR:process_memory_win.cc(73)] ReadMemory at 0x7ffafb0079b3 of 512 bytes failed: Only part of a ReadProcessMemory or WriteProcessMemory request was completed. (0x12B)
[0821/140107.529:ERROR:process_memory_win.cc(73)] ReadMemory at 0x7ffafb0081a0 of 512 bytes failed: Only part of a ReadProcessMemory or WriteProcessMemory request was completed. (0x12B)
[0821/140107.530:ERROR:process_memory_win.cc(73)] ReadMemory at 0x7ffb2465c0c4 of 672 bytes failed: Only part of a ReadProcessMemory or WriteProcessMemory request was completed. (0x12B)
[0821/140107.530:ERROR:process_memory_win.cc(73)] ReadMemory at 0x7ffb2465f974 of 608 bytes failed: Only part of a ReadProcessMemory or WriteProcessMemory request was completed. (0x12B)
[0821/140107.530:ERROR:process_memory_win.cc(73)] ReadMemory at 0x7ffb246ec428 of 18 bytes failed: Only part of a ReadProcessMemory or WriteProcessMemory request was completed. (0x12B)
[0821/140107.530:ERROR:process_memory_win.cc(73)] ReadMemory at 0x7ffb2471f4f8 of 40 bytes failed: Only part of a ReadProcessMemory or WriteProcessMemory request was completed. (0x12B)
[0821/140107.530:ERROR:process_memory_win.cc(73)] ReadMemory at 0x7ffb2471f978 of 48 bytes failed: Only part of a ReadProcessMemory or WriteProcessMemory request was completed. (0x12B)
[0821/140107.530:ERROR:process_memory_win.cc(73)] ReadMemory at 0x7ffb247253c0 of 64 bytes failed: Only part of a ReadProcessMemory or WriteProcessMemory request was completed. (0x12B)
[0821/140107.785:ERROR:scoped_process_suspend.cc(40)] NtResumeProcess: An attempt was made to access an exiting process. (0xc000010a)
[1015/191302.034:ERROR:directory_reader_win.cc(43)] FindFirstFile: The system cannot find the path specified. (0x3)
